<?xml version="1.0" encoding="UTF-8"?>
<testsuite xmlns:xsi="http://www.w3.org/2001/XMLSchema-instance" xsi:noNamespaceSchemaLocation="https://maven.apache.org/surefire/maven-surefire-plugin/xsd/surefire-test-report-3.0.xsd" version="3.0" name="TestSuite" time="47.154" tests="2" errors="0" skipped="0" failures="1">
  <properties>
[...]
</properties>
  <testcase name="loginTest" classname="com.ka.testCases.LoginTest" time="2.242">
    <failure message="the Login Test Failed" type="java.lang.AssertionError"><![CDATA[java.lang.AssertionError: the Login Test Failed
	at com.ka.testCases.LoginTest.loginTest(LoginTest.java:25)
]]></failure>
    <system-out><![CDATA[>>>>>>>>>>>>>>>>>Excecuting the test cases<<<<<<<<<<<<<<<<
]]></system-out>
    <system-err><![CDATA[SLF4J: Failed to load class "org.slf4j.impl.StaticLoggerBinder".
SLF4J: Defaulting to no-operation (NOP) logger implementation
SLF4J: See http://www.slf4j.org/codes.html#StaticLoggerBinder for further details.
Starting ChromeDriver 79.0.3945.36 (3582db32b33893869b8c1339e8f4d9ed1816f143-refs/branch-heads/3945@{#614}) on port 4862
Only local connections are allowed.
Please protect ports used by ChromeDriver and related test frameworks to prevent access by malicious code.
[1580309187.116][WARNING]: Timed out connecting to Chrome, retrying...
Jan 29, 2020 8:16:29 PM org.openqa.selenium.remote.ProtocolHandshake createSession
INFO: Detected dialect: W3C
[1580309196.764][WARNING]: Timed out connecting to Chrome, retrying...
]]></system-err>
  </testcase>
  <testcase name="CreateAccTest" classname="com.ka.testCases.createAccTest" time="11.649"/>
</testsuite>